[debug] [2025-07-15T17:50:28.997Z] Checked if tokens are valid: true, expires at: 1752603581941
[debug] [2025-07-15T17:50:28.999Z] Checked if tokens are valid: true, expires at: 1752603581941
[debug] [2025-07-15T17:50:28.999Z] Checked if tokens are valid: true, expires at: 1752603581941
[debug] [2025-07-15T17:50:28.999Z] Checked if tokens are valid: true, expires at: 1752603581941
[debug] [2025-07-15T17:50:28.999Z] Checked if tokens are valid: true, expires at: 1752603581941
[debug] [2025-07-15T17:50:28.999Z] Checked if tokens are valid: true, expires at: 1752603581941
[debug] [2025-07-15T17:50:29.000Z] >>> [apiv2][query] GET https://serviceusage.googleapis.com/v1/projects/raoteebaan/services/firebasedataconnect.googleapis.com [none]
[debug] [2025-07-15T17:50:29.000Z] >>> [apiv2][(partial)header] GET https://serviceusage.googleapis.com/v1/projects/raoteebaan/services/firebasedataconnect.googleapis.com x-goog-quota-user=projects/raoteebaan
[debug] [2025-07-15T17:50:29.021Z] >>> [apiv2][query] GET https://serviceusage.googleapis.com/v1/projects/raoteebaan/services/firebasecrashlytics.googleapis.com [none]
[debug] [2025-07-15T17:50:29.021Z] >>> [apiv2][(partial)header] GET https://serviceusage.googleapis.com/v1/projects/raoteebaan/services/firebasecrashlytics.googleapis.com x-goog-quota-user=projects/raoteebaan
[debug] [2025-07-15T17:50:29.022Z] >>> [apiv2][query] GET https://serviceusage.googleapis.com/v1/projects/raoteebaan/services/firebaseapphosting.googleapis.com [none]
[debug] [2025-07-15T17:50:29.022Z] >>> [apiv2][(partial)header] GET https://serviceusage.googleapis.com/v1/projects/raoteebaan/services/firebaseapphosting.googleapis.com x-goog-quota-user=projects/raoteebaan
[debug] [2025-07-15T17:50:29.033Z] Checked if tokens are valid: true, expires at: 1752603581941
[debug] [2025-07-15T17:50:29.033Z] Checked if tokens are valid: true, expires at: 1752603581941
[debug] [2025-07-15T17:50:29.033Z] Checked if tokens are valid: true, expires at: 1752603581941
[debug] [2025-07-15T17:50:29.033Z] Checked if tokens are valid: true, expires at: 1752603581941
[debug] [2025-07-15T17:50:29.033Z] Checked if tokens are valid: true, expires at: 1752603581941
[debug] [2025-07-15T17:50:29.033Z] Checked if tokens are valid: true, expires at: 1752603581941
[debug] [2025-07-15T17:50:29.033Z] >>> [apiv2][query] GET https://serviceusage.googleapis.com/v1/projects/raoteebaan/services/firebasedataconnect.googleapis.com [none]
[debug] [2025-07-15T17:50:29.033Z] >>> [apiv2][(partial)header] GET https://serviceusage.googleapis.com/v1/projects/raoteebaan/services/firebasedataconnect.googleapis.com x-goog-quota-user=projects/raoteebaan
[debug] [2025-07-15T17:50:29.034Z] >>> [apiv2][query] GET https://serviceusage.googleapis.com/v1/projects/raoteebaan/services/firebasecrashlytics.googleapis.com [none]
[debug] [2025-07-15T17:50:29.034Z] >>> [apiv2][(partial)header] GET https://serviceusage.googleapis.com/v1/projects/raoteebaan/services/firebasecrashlytics.googleapis.com x-goog-quota-user=projects/raoteebaan
[debug] [2025-07-15T17:50:29.035Z] >>> [apiv2][query] GET https://serviceusage.googleapis.com/v1/projects/raoteebaan/services/firebaseapphosting.googleapis.com [none]
[debug] [2025-07-15T17:50:29.035Z] >>> [apiv2][(partial)header] GET https://serviceusage.googleapis.com/v1/projects/raoteebaan/services/firebaseapphosting.googleapis.com x-goog-quota-user=projects/raoteebaan
[debug] [2025-07-15T17:50:30.715Z] <<< [apiv2][status] GET https://serviceusage.googleapis.com/v1/projects/raoteebaan/services/firebasecrashlytics.googleapis.com 200
[debug] [2025-07-15T17:50:30.715Z] <<< [apiv2][body] GET https://serviceusage.googleapis.com/v1/projects/raoteebaan/services/firebasecrashlytics.googleapis.com [omitted]
[debug] [2025-07-15T17:50:30.716Z] <<< [apiv2][status] GET https://serviceusage.googleapis.com/v1/projects/raoteebaan/services/firebaseapphosting.googleapis.com 200
[debug] [2025-07-15T17:50:30.716Z] <<< [apiv2][body] GET https://serviceusage.googleapis.com/v1/projects/raoteebaan/services/firebaseapphosting.googleapis.com [omitted]
[debug] [2025-07-15T17:50:30.717Z] <<< [apiv2][status] GET https://serviceusage.googleapis.com/v1/projects/raoteebaan/services/firebasecrashlytics.googleapis.com 200
[debug] [2025-07-15T17:50:30.717Z] <<< [apiv2][body] GET https://serviceusage.googleapis.com/v1/projects/raoteebaan/services/firebasecrashlytics.googleapis.com [omitted]
[debug] [2025-07-15T17:50:30.722Z] <<< [apiv2][status] GET https://serviceusage.googleapis.com/v1/projects/raoteebaan/services/firebasedataconnect.googleapis.com 200
[debug] [2025-07-15T17:50:30.722Z] <<< [apiv2][body] GET https://serviceusage.googleapis.com/v1/projects/raoteebaan/services/firebasedataconnect.googleapis.com [omitted]
[debug] [2025-07-15T17:50:30.759Z] > command requires scopes: ["email","openid","https://www.googleapis.com/auth/cloudplatformprojects.readonly","https://www.googleapis.com/auth/firebase","https://www.googleapis.com/auth/cloud-platform"]
[debug] [2025-07-15T17:50:30.759Z] > authorizing via signed-in user (bravealltime1997@gmail.com)
[debug] [2025-07-15T17:50:32.070Z] <<< [apiv2][status] GET https://serviceusage.googleapis.com/v1/projects/raoteebaan/services/firebaseapphosting.googleapis.com 200
[debug] [2025-07-15T17:50:32.070Z] <<< [apiv2][body] GET https://serviceusage.googleapis.com/v1/projects/raoteebaan/services/firebaseapphosting.googleapis.com [omitted]
[debug] [2025-07-15T17:50:32.105Z] <<< [apiv2][status] GET https://serviceusage.googleapis.com/v1/projects/raoteebaan/services/firebasedataconnect.googleapis.com 200
[debug] [2025-07-15T17:50:32.105Z] <<< [apiv2][body] GET https://serviceusage.googleapis.com/v1/projects/raoteebaan/services/firebasedataconnect.googleapis.com [omitted]
